[2025-12-29T13:17:34.893Z] [ERROR] [LavalinkNode] ❌ Lavalink Node #main-node errored:
Stack trace: Error: write EPROTO F41D0000:error:0A00010B:SSL routines:ssl3_get_record:wrong version number:c:\ws\deps\openssl\openssl\ssl\record\ssl3_record.c:355:

    at WriteWrap.onWriteComplete [as oncomplete] (node:internal/stream_base_commons:87:19)
[2025-12-29T13:17:35.094Z] [ERROR] [LavalinkNode] Error in node error event handler:
Stack trace: RangeError: Maximum call stack size exceeded
    at flatten (C:\Users\renzy\Downloads\CODE\music bot\tymeemusic\node_modules\discord.js\src\util\Util.js:21:17)
    at flatten (C:\Users\renzy\Downloads\CODE\music bot\tymeemusic\node_modules\discord.js\src\util\Util.js:52:58)
    at flatten (C:\Users\renzy\Downloads\CODE\music bot\tymeemusic\node_modules\discord.js\src\util\Util.js:52:58)
    at flatten (C:\Users\renzy\Downloads\CODE\music bot\tymeemusic\node_modules\discord.js\src\util\Util.js:52:58)
    at Tymee.toJSON (C:\Users\renzy\Downloads\CODE\music bot\tymeemusic\node_modules\discord.js\src\client\BaseClient.js:107:12)
    at Tymee.toJSON (C:\Users\renzy\Downloads\CODE\music bot\tymeemusic\node_modules\discord.js\src\client\Client.js:503:18)
    at flatten (C:\Users\renzy\Downloads\CODE\music bot\tymeemusic\node_modules\discord.js\src\util\Util.js:50:48)
    at flatten (C:\Users\renzy\Downloads\CODE\music bot\tymeemusic\node_modules\discord.js\src\util\Util.js:52:58)
    at Tymee.toJSON (C:\Users\renzy\Downloads\CODE\music bot\tymeemusic\node_modules\discord.js\src\client\BaseClient.js:107:12)
    at Tymee.toJSON (C:\Users\renzy\Downloads\CODE\music bot\tymeemusic\node_modules\discord.js\src\client\Client.js:503:18)
[2025-12-29T13:17:38.106Z] [ERROR] [LavalinkNode] ❌ Lavalink Node #main-node errored:
Stack trace: Error: write EPROTO F41D0000:error:0A00010B:SSL routines:ssl3_get_record:wrong version number:c:\ws\deps\openssl\openssl\ssl\record\ssl3_record.c:355:

    at WriteWrap.onWriteComplete [as oncomplete] (node:internal/stream_base_commons:87:19)
[2025-12-29T13:17:38.257Z] [ERROR] [LavalinkNode] Error in node error event handler:
Stack trace: RangeError: Maximum call stack size exceeded
    at flatten (C:\Users\renzy\Downloads\CODE\music bot\tymeemusic\node_modules\discord.js\src\util\Util.js:21:17)
    at flatten (C:\Users\renzy\Downloads\CODE\music bot\tymeemusic\node_modules\discord.js\src\util\Util.js:52:58)
    at flatten (C:\Users\renzy\Downloads\CODE\music bot\tymeemusic\node_modules\discord.js\src\util\Util.js:52:58)
    at flatten (C:\Users\renzy\Downloads\CODE\music bot\tymeemusic\node_modules\discord.js\src\util\Util.js:52:58)
    at flatten (C:\Users\renzy\Downloads\CODE\music bot\tymeemusic\node_modules\discord.js\src\util\Util.js:52:58)
    at Tymee.toJSON (C:\Users\renzy\Downloads\CODE\music bot\tymeemusic\node_modules\discord.js\src\client\BaseClient.js:107:12)
    at Tymee.toJSON (C:\Users\renzy\Downloads\CODE\music bot\tymeemusic\node_modules\discord.js\src\client\Client.js:503:18)
    at flatten (C:\Users\renzy\Downloads\CODE\music bot\tymeemusic\node_modules\discord.js\src\util\Util.js:50:48)
    at flatten (C:\Users\renzy\Downloads\CODE\music bot\tymeemusic\node_modules\discord.js\src\util\Util.js:52:58)
    at Tymee.toJSON (C:\Users\renzy\Downloads\CODE\music bot\tymeemusic\node_modules\discord.js\src\client\BaseClient.js:107:12)
[2025-12-29T13:17:41.269Z] [ERROR] [LavalinkNode] ❌ Lavalink Node #main-node errored:
Stack trace: Error: write EPROTO F41D0000:error:0A00010B:SSL routines:ssl3_get_record:wrong version number:c:\ws\deps\openssl\openssl\ssl\record\ssl3_record.c:355:

    at WriteWrap.onWriteComplete [as oncomplete] (node:internal/stream_base_commons:87:19)
[2025-12-29T13:17:41.415Z] [ERROR] [LavalinkNode] Error in node error event handler:
Stack trace: RangeError: Maximum call stack size exceeded
    at flatten (C:\Users\renzy\Downloads\CODE\music bot\tymeemusic\node_modules\discord.js\src\util\Util.js:21:17)
    at C:\Users\renzy\Downloads\CODE\music bot\tymeemusic\node_modules\discord.js\src\util\Util.js:46:90
    at Array.map (<anonymous>)
    at flatten (C:\Users\renzy\Downloads\CODE\music bot\tymeemusic\node_modules\discord.js\src\util\Util.js:46:61)
    at flatten (C:\Users\renzy\Downloads\CODE\music bot\tymeemusic\node_modules\discord.js\src\util\Util.js:52:58)
    at Tymee.toJSON (C:\Users\renzy\Downloads\CODE\music bot\tymeemusic\node_modules\discord.js\src\client\BaseClient.js:107:12)
    at Tymee.toJSON (C:\Users\renzy\Downloads\CODE\music bot\tymeemusic\node_modules\discord.js\src\client\Client.js:503:18)
    at flatten (C:\Users\renzy\Downloads\CODE\music bot\tymeemusic\node_modules\discord.js\src\util\Util.js:50:48)
    at flatten (C:\Users\renzy\Downloads\CODE\music bot\tymeemusic\node_modules\discord.js\src\util\Util.js:52:58)
    at Tymee.toJSON (C:\Users\renzy\Downloads\CODE\music bot\tymeemusic\node_modules\discord.js\src\client\BaseClient.js:107:12)
[2025-12-29T13:18:23.889Z] [ERROR] [LavalinkNode] ❌ Lavalink Node #main-node errored:
Stack trace: Error: write EPROTO E0270000:error:0A00010B:SSL routines:ssl3_get_record:wrong version number:c:\ws\deps\openssl\openssl\ssl\record\ssl3_record.c:355:

    at WriteWrap.onWriteComplete [as oncomplete] (node:internal/stream_base_commons:87:19)
[2025-12-29T13:18:24.069Z] [ERROR] [LavalinkNode] Error in node error event handler:
Stack trace: RangeError: Maximum call stack size exceeded
    at flatten (C:\Users\renzy\Downloads\CODE\music bot\tymeemusic\node_modules\discord.js\src\util\Util.js:21:17)
    at C:\Users\renzy\Downloads\CODE\music bot\tymeemusic\node_modules\discord.js\src\util\Util.js:46:90
    at Array.map (<anonymous>)
    at flatten (C:\Users\renzy\Downloads\CODE\music bot\tymeemusic\node_modules\discord.js\src\util\Util.js:46:61)
    at flatten (C:\Users\renzy\Downloads\CODE\music bot\tymeemusic\node_modules\discord.js\src\util\Util.js:52:58)
    at Tymee.toJSON (C:\Users\renzy\Downloads\CODE\music bot\tymeemusic\node_modules\discord.js\src\client\BaseClient.js:107:12)
    at Tymee.toJSON (C:\Users\renzy\Downloads\CODE\music bot\tymeemusic\node_modules\discord.js\src\client\Client.js:503:18)
    at flatten (C:\Users\renzy\Downloads\CODE\music bot\tymeemusic\node_modules\discord.js\src\util\Util.js:50:48)
    at flatten (C:\Users\renzy\Downloads\CODE\music bot\tymeemusic\node_modules\discord.js\src\util\Util.js:52:58)
    at Tymee.toJSON (C:\Users\renzy\Downloads\CODE\music bot\tymeemusic\node_modules\discord.js\src\client\BaseClient.js:107:12)
[2025-12-29T13:18:27.080Z] [ERROR] [LavalinkNode] ❌ Lavalink Node #main-node errored:
Stack trace: Error: write EPROTO E0270000:error:0A00010B:SSL routines:ssl3_get_record:wrong version number:c:\ws\deps\openssl\openssl\ssl\record\ssl3_record.c:355:

    at WriteWrap.onWriteComplete [as oncomplete] (node:internal/stream_base_commons:87:19)
[2025-12-29T13:18:27.222Z] [ERROR] [LavalinkNode] Error in node error event handler:
Stack trace: RangeError: Maximum call stack size exceeded
    at Tymee.toJSON (C:\Users\renzy\Downloads\CODE\music bot\tymeemusic\node_modules\discord.js\src\client\Client.js:503:18)
    at flatten (C:\Users\renzy\Downloads\CODE\music bot\tymeemusic\node_modules\discord.js\src\util\Util.js:50:48)
    at flatten (C:\Users\renzy\Downloads\CODE\music bot\tymeemusic\node_modules\discord.js\src\util\Util.js:52:58)
    at Tymee.toJSON (C:\Users\renzy\Downloads\CODE\music bot\tymeemusic\node_modules\discord.js\src\client\BaseClient.js:107:12)
    at Tymee.toJSON (C:\Users\renzy\Downloads\CODE\music bot\tymeemusic\node_modules\discord.js\src\client\Client.js:503:18)
    at flatten (C:\Users\renzy\Downloads\CODE\music bot\tymeemusic\node_modules\discord.js\src\util\Util.js:50:48)
    at flatten (C:\Users\renzy\Downloads\CODE\music bot\tymeemusic\node_modules\discord.js\src\util\Util.js:52:58)
    at Tymee.toJSON (C:\Users\renzy\Downloads\CODE\music bot\tymeemusic\node_modules\discord.js\src\client\BaseClient.js:107:12)
    at Tymee.toJSON (C:\Users\renzy\Downloads\CODE\music bot\tymeemusic\node_modules\discord.js\src\client\Client.js:503:18)
    at flatten (C:\Users\renzy\Downloads\CODE\music bot\tymeemusic\node_modules\discord.js\src\util\Util.js:50:48)
[2025-12-29T13:21:45.609Z] [ERROR] [LavalinkNode] ❌ Lavalink Node #main-node errored:
Stack trace: AggregateError [ECONNREFUSED]: 
    at internalConnectMultiple (node:net:1139:18)
    at afterConnectMultiple (node:net:1712:7)
[2025-12-29T13:21:45.789Z] [ERROR] [LavalinkNode] Error in node error event handler:
Stack trace: RangeError: Maximum call stack size exceeded
    at flatten (C:\Users\renzy\Downloads\CODE\music bot\tymeemusic\node_modules\discord.js\src\util\Util.js:21:17)
    at flatten (C:\Users\renzy\Downloads\CODE\music bot\tymeemusic\node_modules\discord.js\src\util\Util.js:52:58)
    at flatten (C:\Users\renzy\Downloads\CODE\music bot\tymeemusic\node_modules\discord.js\src\util\Util.js:52:58)
    at flatten (C:\Users\renzy\Downloads\CODE\music bot\tymeemusic\node_modules\discord.js\src\util\Util.js:52:58)
    at Tymee.toJSON (C:\Users\renzy\Downloads\CODE\music bot\tymeemusic\node_modules\discord.js\src\client\BaseClient.js:107:12)
    at Tymee.toJSON (C:\Users\renzy\Downloads\CODE\music bot\tymeemusic\node_modules\discord.js\src\client\Client.js:503:18)
    at flatten (C:\Users\renzy\Downloads\CODE\music bot\tymeemusic\node_modules\discord.js\src\util\Util.js:50:48)
    at flatten (C:\Users\renzy\Downloads\CODE\music bot\tymeemusic\node_modules\discord.js\src\util\Util.js:52:58)
    at Tymee.toJSON (C:\Users\renzy\Downloads\CODE\music bot\tymeemusic\node_modules\discord.js\src\client\BaseClient.js:107:12)
    at Tymee.toJSON (C:\Users\renzy\Downloads\CODE\music bot\tymeemusic\node_modules\discord.js\src\client\Client.js:503:18)
[2025-12-29T13:21:48.797Z] [ERROR] [LavalinkNode] ❌ Lavalink Node #main-node errored:
Stack trace: AggregateError [ECONNREFUSED]: 
    at internalConnectMultiple (node:net:1139:18)
    at afterConnectMultiple (node:net:1712:7)
[2025-12-29T13:21:48.944Z] [ERROR] [LavalinkNode] Error in node error event handler:
Stack trace: RangeError: Maximum call stack size exceeded
    at Tymee.toJSON (C:\Users\renzy\Downloads\CODE\music bot\tymeemusic\node_modules\discord.js\src\client\Client.js:503:18)
    at flatten (C:\Users\renzy\Downloads\CODE\music bot\tymeemusic\node_modules\discord.js\src\util\Util.js:50:48)
    at flatten (C:\Users\renzy\Downloads\CODE\music bot\tymeemusic\node_modules\discord.js\src\util\Util.js:52:58)
    at Tymee.toJSON (C:\Users\renzy\Downloads\CODE\music bot\tymeemusic\node_modules\discord.js\src\client\BaseClient.js:107:12)
    at Tymee.toJSON (C:\Users\renzy\Downloads\CODE\music bot\tymeemusic\node_modules\discord.js\src\client\Client.js:503:18)
    at flatten (C:\Users\renzy\Downloads\CODE\music bot\tymeemusic\node_modules\discord.js\src\util\Util.js:50:48)
    at flatten (C:\Users\renzy\Downloads\CODE\music bot\tymeemusic\node_modules\discord.js\src\util\Util.js:52:58)
    at Tymee.toJSON (C:\Users\renzy\Downloads\CODE\music bot\tymeemusic\node_modules\discord.js\src\client\BaseClient.js:107:12)
    at Tymee.toJSON (C:\Users\renzy\Downloads\CODE\music bot\tymeemusic\node_modules\discord.js\src\client\Client.js:503:18)
    at flatten (C:\Users\renzy\Downloads\CODE\music bot\tymeemusic\node_modules\discord.js\src\util\Util.js:50:48)
[2025-12-29T13:21:51.956Z] [ERROR] [LavalinkNode] ❌ Lavalink Node #main-node errored:
Stack trace: AggregateError [ECONNREFUSED]: 
    at internalConnectMultiple (node:net:1139:18)
    at afterConnectMultiple (node:net:1712:7)
[2025-12-29T13:21:52.093Z] [ERROR] [LavalinkNode] Error in node error event handler:
Stack trace: RangeError: Maximum call stack size exceeded
    at Tymee.toJSON (C:\Users\renzy\Downloads\CODE\music bot\tymeemusic\node_modules\discord.js\src\client\Client.js:503:18)
    at flatten (C:\Users\renzy\Downloads\CODE\music bot\tymeemusic\node_modules\discord.js\src\util\Util.js:50:48)
    at flatten (C:\Users\renzy\Downloads\CODE\music bot\tymeemusic\node_modules\discord.js\src\util\Util.js:52:58)
    at Tymee.toJSON (C:\Users\renzy\Downloads\CODE\music bot\tymeemusic\node_modules\discord.js\src\client\BaseClient.js:107:12)
    at Tymee.toJSON (C:\Users\renzy\Downloads\CODE\music bot\tymeemusic\node_modules\discord.js\src\client\Client.js:503:18)
    at flatten (C:\Users\renzy\Downloads\CODE\music bot\tymeemusic\node_modules\discord.js\src\util\Util.js:50:48)
    at flatten (C:\Users\renzy\Downloads\CODE\music bot\tymeemusic\node_modules\discord.js\src\util\Util.js:52:58)
    at Tymee.toJSON (C:\Users\renzy\Downloads\CODE\music bot\tymeemusic\node_modules\discord.js\src\client\BaseClient.js:107:12)
    at Tymee.toJSON (C:\Users\renzy\Downloads\CODE\music bot\tymeemusic\node_modules\discord.js\src\client\Client.js:503:18)
    at flatten (C:\Users\renzy\Downloads\CODE\music bot\tymeemusic\node_modules\discord.js\src\util\Util.js:50:48)
[2025-12-29T13:21:55.101Z] [ERROR] [LavalinkNode] ❌ Lavalink Node #main-node errored:
Stack trace: AggregateError [ECONNREFUSED]: 
    at internalConnectMultiple (node:net:1139:18)
    at afterConnectMultiple (node:net:1712:7)
[2025-12-29T13:21:55.239Z] [ERROR] [LavalinkNode] Error in node error event handler:
Stack trace: RangeError: Maximum call stack size exceeded
    at Tymee.toJSON (C:\Users\renzy\Downloads\CODE\music bot\tymeemusic\node_modules\discord.js\src\client\Client.js:503:18)
    at flatten (C:\Users\renzy\Downloads\CODE\music bot\tymeemusic\node_modules\discord.js\src\util\Util.js:50:48)
    at flatten (C:\Users\renzy\Downloads\CODE\music bot\tymeemusic\node_modules\discord.js\src\util\Util.js:52:58)
    at Tymee.toJSON (C:\Users\renzy\Downloads\CODE\music bot\tymeemusic\node_modules\discord.js\src\client\BaseClient.js:107:12)
    at Tymee.toJSON (C:\Users\renzy\Downloads\CODE\music bot\tymeemusic\node_modules\discord.js\src\client\Client.js:503:18)
    at flatten (C:\Users\renzy\Downloads\CODE\music bot\tymeemusic\node_modules\discord.js\src\util\Util.js:50:48)
    at flatten (C:\Users\renzy\Downloads\CODE\music bot\tymeemusic\node_modules\discord.js\src\util\Util.js:52:58)
    at Tymee.toJSON (C:\Users\renzy\Downloads\CODE\music bot\tymeemusic\node_modules\discord.js\src\client\BaseClient.js:107:12)
    at Tymee.toJSON (C:\Users\renzy\Downloads\CODE\music bot\tymeemusic\node_modules\discord.js\src\client\Client.js:503:18)
    at flatten (C:\Users\renzy\Downloads\CODE\music bot\tymeemusic\node_modules\discord.js\src\util\Util.js:50:48)
[2025-12-29T13:21:58.254Z] [ERROR] [LavalinkNode] ❌ Lavalink Node #main-node errored:
Stack trace: AggregateError [ECONNREFUSED]: 
    at internalConnectMultiple (node:net:1139:18)
    at afterConnectMultiple (node:net:1712:7)
[2025-12-29T13:21:58.418Z] [ERROR] [LavalinkNode] Error in node error event handler:
Stack trace: RangeError: Maximum call stack size exceeded
    at Tymee.toJSON (C:\Users\renzy\Downloads\CODE\music bot\tymeemusic\node_modules\discord.js\src\client\Client.js:503:18)
    at flatten (C:\Users\renzy\Downloads\CODE\music bot\tymeemusic\node_modules\discord.js\src\util\Util.js:50:48)
    at flatten (C:\Users\renzy\Downloads\CODE\music bot\tymeemusic\node_modules\discord.js\src\util\Util.js:52:58)
    at Tymee.toJSON (C:\Users\renzy\Downloads\CODE\music bot\tymeemusic\node_modules\discord.js\src\client\BaseClient.js:107:12)
    at Tymee.toJSON (C:\Users\renzy\Downloads\CODE\music bot\tymeemusic\node_modules\discord.js\src\client\Client.js:503:18)
    at flatten (C:\Users\renzy\Downloads\CODE\music bot\tymeemusic\node_modules\discord.js\src\util\Util.js:50:48)
    at flatten (C:\Users\renzy\Downloads\CODE\music bot\tymeemusic\node_modules\discord.js\src\util\Util.js:52:58)
    at Tymee.toJSON (C:\Users\renzy\Downloads\CODE\music bot\tymeemusic\node_modules\discord.js\src\client\BaseClient.js:107:12)
    at Tymee.toJSON (C:\Users\renzy\Downloads\CODE\music bot\tymeemusic\node_modules\discord.js\src\client\Client.js:503:18)
    at flatten (C:\Users\renzy\Downloads\CODE\music bot\tymeemusic\node_modules\discord.js\src\util\Util.js:50:48)
[2025-12-29T13:22:08.232Z] [ERROR] [LavalinkNode] ❌ Lavalink Node #main-node errored:
Stack trace: AggregateError [ECONNREFUSED]: 
    at internalConnectMultiple (node:net:1139:18)
    at afterConnectMultiple (node:net:1712:7)
[2025-12-29T13:22:08.487Z] [ERROR] [LavalinkNode] Error in node error event handler:
Stack trace: RangeError: Maximum call stack size exceeded
    at Tymee.toJSON (C:\Users\renzy\Downloads\CODE\music bot\tymeemusic\node_modules\discord.js\src\client\Client.js:503:18)
    at flatten (C:\Users\renzy\Downloads\CODE\music bot\tymeemusic\node_modules\discord.js\src\util\Util.js:50:48)
    at flatten (C:\Users\renzy\Downloads\CODE\music bot\tymeemusic\node_modules\discord.js\src\util\Util.js:52:58)
    at Tymee.toJSON (C:\Users\renzy\Downloads\CODE\music bot\tymeemusic\node_modules\discord.js\src\client\BaseClient.js:107:12)
    at Tymee.toJSON (C:\Users\renzy\Downloads\CODE\music bot\tymeemusic\node_modules\discord.js\src\client\Client.js:503:18)
    at flatten (C:\Users\renzy\Downloads\CODE\music bot\tymeemusic\node_modules\discord.js\src\util\Util.js:50:48)
    at flatten (C:\Users\renzy\Downloads\CODE\music bot\tymeemusic\node_modules\discord.js\src\util\Util.js:52:58)
    at Tymee.toJSON (C:\Users\renzy\Downloads\CODE\music bot\tymeemusic\node_modules\discord.js\src\client\BaseClient.js:107:12)
    at Tymee.toJSON (C:\Users\renzy\Downloads\CODE\music bot\tymeemusic\node_modules\discord.js\src\client\Client.js:503:18)
    at flatten (C:\Users\renzy\Downloads\CODE\music bot\tymeemusic\node_modules\discord.js\src\util\Util.js:50:48)
[2025-12-29T13:24:15.214Z] [ERROR] [ClusterManager] Cluster 0 ==> Died with exit code [object Object]. Respawning...
[2025-12-29T13:25:30.573Z] [ERROR] [Process] Unhandled Rejection
Stack trace: ReferenceError: logger is not defined
    at Object.execute (file:///C:/Users/renzy/Downloads/CODE/music%20bot/tymeemusic/src/events/player/trackStart.js?t=1767014678187:119:7)
    at process.processTicksAndRejections (node:internal/process/task_queues:105:5)
[2025-12-29T13:27:03.791Z] [ERROR] [Process] Uncaught Exception: uncaughtException
Stack trace: Error: listen EADDRINUSE: address already in use :::3000
    at Server.setupListenHandle [as _listen2] (node:net:1937:16)
    at listenInCluster (node:net:1994:12)
    at Server.listen (node:net:2099:7)
    at WebServer.start (file:///C:/Users/renzy/Downloads/CODE/music%20bot/tymeemusic/src/web/server.js:490:17)
    at Tymee.<anonymous> (file:///C:/Users/renzy/Downloads/CODE/music%20bot/tymeemusic/src/structures/classes/Yukihana.js:87:20)
    at Object.onceWrapper (node:events:633:26)
    at Tymee.emit (node:events:530:35)
    at WebSocketManager.triggerClientReady (C:\Users\renzy\Downloads\CODE\music bot\tymeemusic\node_modules\discord.js\src\client\websocket\WebSocketManager.js:386:21)
    at WebSocketManager.checkShardsReady (C:\Users\renzy\Downloads\CODE\music bot\tymeemusic\node_modules\discord.js\src\client\websocket\WebSocketManager.js:368:10)
    at WebSocketShard.<anonymous> (C:\Users\renzy\Downloads\CODE\music bot\tymeemusic\node_modules\discord.js\src\client\websocket\WebSocketManager.js:198:16)
[2025-12-29T13:27:03.834Z] [ERROR] [ClusterManager] Cluster 0 ==> Died with exit code [object Object]. Respawning...
[2025-12-29T13:27:04.711Z] [ERROR] [ClusterManager] Cluster 0 ==> Died with exit code [object Object]. Respawning...
[2025-12-29T13:28:04.343Z] [ERROR] [Process] Uncaught Exception: uncaughtException
Stack trace: Error: listen EADDRINUSE: address already in use :::3000
    at Server.setupListenHandle [as _listen2] (node:net:1937:16)
    at listenInCluster (node:net:1994:12)
    at Server.listen (node:net:2099:7)
    at WebServer.start (file:///C:/Users/renzy/Downloads/CODE/music%20bot/tymeemusic/src/web/server.js:490:17)
    at Tymee.<anonymous> (file:///C:/Users/renzy/Downloads/CODE/music%20bot/tymeemusic/src/structures/classes/Yukihana.js:87:20)
    at Object.onceWrapper (node:events:633:26)
    at Tymee.emit (node:events:530:35)
    at WebSocketManager.triggerClientReady (C:\Users\renzy\Downloads\CODE\music bot\tymeemusic\node_modules\discord.js\src\client\websocket\WebSocketManager.js:386:21)
    at WebSocketManager.checkShardsReady (C:\Users\renzy\Downloads\CODE\music bot\tymeemusic\node_modules\discord.js\src\client\websocket\WebSocketManager.js:368:10)
    at WebSocketShard.<anonymous> (C:\Users\renzy\Downloads\CODE\music bot\tymeemusic\node_modules\discord.js\src\client\websocket\WebSocketManager.js:198:16)
[2025-12-29T13:28:04.380Z] [ERROR] [ClusterManager] Cluster 0 ==> Died with exit code [object Object]. Respawning...
[2025-12-29T13:28:12.642Z] [ERROR] [Process] Uncaught Exception: uncaughtException
Stack trace: Error: listen EADDRINUSE: address already in use :::3000
    at Server.setupListenHandle [as _listen2] (node:net:1937:16)
    at listenInCluster (node:net:1994:12)
    at Server.listen (node:net:2099:7)
    at WebServer.start (file:///C:/Users/renzy/Downloads/CODE/music%20bot/tymeemusic/src/web/server.js:490:17)
    at Tymee.<anonymous> (file:///C:/Users/renzy/Downloads/CODE/music%20bot/tymeemusic/src/structures/classes/Yukihana.js:87:20)
    at Object.onceWrapper (node:events:633:26)
    at Tymee.emit (node:events:530:35)
    at WebSocketManager.triggerClientReady (C:\Users\renzy\Downloads\CODE\music bot\tymeemusic\node_modules\discord.js\src\client\websocket\WebSocketManager.js:386:21)
    at WebSocketManager.checkShardsReady (C:\Users\renzy\Downloads\CODE\music bot\tymeemusic\node_modules\discord.js\src\client\websocket\WebSocketManager.js:368:10)
    at WebSocketShard.<anonymous> (C:\Users\renzy\Downloads\CODE\music bot\tymeemusic\node_modules\discord.js\src\client\websocket\WebSocketManager.js:198:16)
[2025-12-29T13:28:12.682Z] [ERROR] [ClusterManager] Cluster 0 ==> Died with exit code [object Object]. Respawning...
[2025-12-29T13:28:17.036Z] [ERROR] [Process] Uncaught Exception: uncaughtException
Stack trace: Error: listen EADDRINUSE: address already in use :::3000
    at Server.setupListenHandle [as _listen2] (node:net:1937:16)
    at listenInCluster (node:net:1994:12)
    at Server.listen (node:net:2099:7)
    at WebServer.start (file:///C:/Users/renzy/Downloads/CODE/music%20bot/tymeemusic/src/web/server.js:490:17)
    at Tymee.<anonymous> (file:///C:/Users/renzy/Downloads/CODE/music%20bot/tymeemusic/src/structures/classes/Yukihana.js:87:20)
    at Object.onceWrapper (node:events:633:26)
    at Tymee.emit (node:events:530:35)
    at WebSocketManager.triggerClientReady (C:\Users\renzy\Downloads\CODE\music bot\tymeemusic\node_modules\discord.js\src\client\websocket\WebSocketManager.js:386:21)
    at WebSocketManager.checkShardsReady (C:\Users\renzy\Downloads\CODE\music bot\tymeemusic\node_modules\discord.js\src\client\websocket\WebSocketManager.js:368:10)
    at WebSocketShard.<anonymous> (C:\Users\renzy\Downloads\CODE\music bot\tymeemusic\node_modules\discord.js\src\client\websocket\WebSocketManager.js:198:16)
[2025-12-29T13:28:17.073Z] [ERROR] [ClusterManager] Cluster 0 ==> Died with exit code [object Object]. Respawning...
[2025-12-29T13:28:18.672Z] [ERROR] [ClusterManager] Cluster 0 ==> Died with exit code [object Object]. Respawning...
